i resn ch  CB     
1 SER  A  0.0176951
2 GLY  A  0.0810755
3 PHE  A  0.0611685
4 ARG  A  0.0125178
5 LYS  A  0.0041726
6 MET  A  0.0067653
7 ALA  A  0.0490666
8 PHE  A  0.0862636
9 PRO  A  0.0668779
10 SER  A  0.0375481
11 GLY  A  0.0112917
12 LYS  A  0.0009263
13 VAL  A  0.0066735
14 GLU  A  0.0801465
15 GLY  A  0.0478945
16 CYS  A  0.0495312
17 MET  A  0.0226887
18 VAL  A  0.0263077
19 GLN  A  0.0311231
20 VAL  A  0.0108083
21 THR  A  0.0070975
22 CYS  A  0.0061360
23 GLY  A  0.0004537
24 THR  A  0.0005401
25 THR  A  0.0033597
26 THR  A  0.0063305
27 LEU  A  0.0339318
28 ASN  A  0.0416829
29 GLY  A  0.0095470
30 LEU  A  0.0171982
31 TRP  A  0.0405378
32 LEU  A  0.0070354
33 ASP  A  0.0031544
34 ASP  A  0.0050990
35 VAL  A  0.0058768
36 VAL  A  0.0044157
37 TYR  A  0.0214653
38 CYS  A  0.0186079
39 PRO  A  0.0401354
40 ARG  A  0.0303047
41 HIS  A  0.0087719
42 VAL  A  0.0256568
43 ILE  A  0.0177032
44 CYS  A  0.0108029
45 THR  A  0.0093769
46 SER  A  0.0021174
47 GLU  A  0.0000000
48 ASP  A  0.0046263
49 MET  A  0.0036838
50 LEU  A  0.0000054
51 ASN  A  0.0025495
52 PRO  A  0.0073243
53 ASN  A  0.0092554
54 TYR  A  0.0288896
55 GLU  A  0.0000702
56 ASP  A  0.0069570
57 LEU  A  0.0039539
58 LEU  A  0.0006725
59 ILE  A  0.0000054
60 ARG  A  0.0029060
61 LYS  A  0.0070246
62 SER  A  0.0041429
63 ASN  A  0.0027817
64 HIS  A  0.0000000
65 ASN  A  0.0037162
66 PHE  A  0.0053852
67 LEU  A  0.0083938
68 VAL  A  0.0092905
69 GLN  A  0.0209414
70 ALA  A  0.0063845
71 GLY  A  0.0030788
72 ASN  A  0.0001350
73 VAL  A  0.0004591
74 GLN  A  0.0029762
75 LEU  A  0.0084370
76 ARG  A  0.0040295
77 VAL  A  0.0018311
78 ILE  A  0.0006212
79 GLY  A  0.0042023
80 HIS  A  0.0038512
81 SER  A  0.0059929
82 MET  A  0.0044130
83 GLN  A  0.0065222
84 ASN  A  0.0004375
85 CYS  A  0.0086126
86 VAL  A  0.0024036
87 LEU  A  0.0078375
88 LYS  A  0.0062468
89 LEU  A  0.0034164
90 LYS  A  0.0062927
91 VAL  A  0.0054879
92 ASP  A  0.0016961
93 THR  A  0.0103005
94 ALA  A  0.0007832
95 ASN  A  0.0126205
96 PRO  A  0.0000000
97 LYS  A  0.0000000
98 THR  A  0.0033705
99 PRO  A  0.0037675
100 LYS  A  0.0042725
101 TYR  A  0.0043211
102 LYS  A  0.0082993
103 PHE  A  0.0109190
104 VAL  A  0.0080481
105 ARG  A  0.0087017
106 ILE  A  0.0018419
107 GLN  A  0.0025684
108 PRO  A  0.0052259
109 GLY  A  0.0060469
110 GLN  A  0.0061333
111 THR  A  0.0135441
112 PHE  A  0.0222026
113 SER  A  0.0287059
114 VAL  A  0.0238581
115 LEU  A  0.0091122
116 ALA  A  0.0255569
117 CYS  A  0.0347582
118 TYR  A  0.0323033
119 ASN  A  0.0138979
120 GLY  A  0.0108029
121 SER  A  0.0133848
122 PRO  A  0.0037702
123 SER  A  0.0045588
124 GLY  A  0.0218029
125 VAL  A  0.0463416
126 TYR  A  0.0504089
127 GLN  A  0.0308179
128 CYS  A  0.0289301
129 ALA  A  0.0317415
130 MET  A  0.0255596
131 ARG  A  0.0238311
132 PRO  A  0.0006968
133 ASN  A  0.0343342
134 PHE  A  0.0159450
135 THR  A  0.0315147
136 ILE  A  0.0318550
137 LYS  A  0.0047587
138 GLY  A  0.0067194
139 SER  A  0.0910979
140 PHE  A  0.0930370
141 LEU  A  0.0146595
142 ASN  A  0.0000054
143 GLY  A  0.0004915
144 SER  A  0.0035703
145 CYS  A  0.0082804
146 GLY  A  0.0041564
147 SER  A  0.0054311
148 VAL  A  0.0060685
149 GLY  A  0.0388039
150 PHE  A  0.0458150
151 ASN  A  0.0461364
152 ILE  A  0.0527936
153 ASP  A  0.0102384
154 TYR  A  0.0028952
155 ASP  A  0.0023874
156 CYS  A  0.0088557
157 VAL  A  0.0025765
158 SER  A  0.0099440
159 PHE  A  0.0031598
160 CYS  A  0.0046830
161 TYR  A  0.0385095
162 MET  A  0.0336320
163 HIS  A  0.0586299
164 HIS  A  0.0342316
165 MET  A  0.0050800
166 GLU  A  0.0172873
167 LEU  A  0.0139195
168 PRO  A  0.0044697
169 THR  A  0.0000378
170 GLY  A  0.0020931
171 VAL  A  0.0085424
172 HIS  A  0.0351093
173 ALA  A  0.0062116
174 GLY  A  0.0090987
175 THR  A  0.0193533
176 ASP  A  0.0183622
177 LEU  A  0.0031598
178 GLU  A  0.0093418
179 GLY  A  0.0061711
180 ASN  A  0.0047668
181 PHE  A  0.0138871
182 TYR  A  0.0316524
183 GLY  A  0.0040160
184 PRO  A  0.0034218
185 PHE  A  0.0096929
186 VAL  A  0.0139546
187 ASP  A  0.0174007
188 ARG  A  0.0042104
189 GLN  A  0.0046020
190 THR  A  0.0048424
191 ALA  A  0.0069814
192 GLN  A  0.0199583
193 ALA  A  0.0170307
194 ALA  A  0.0185944
195 GLY  A  0.0209927
196 THR  A  0.0205606
197 ASP  A  0.0522670
198 THR  A  0.0493448
199 THR  A  0.0692680
200 ILE  A  0.0444592
201 THR  A  0.0126934
202 VAL  A  0.0233882
203 ASN  A  0.0560588
204 VAL  A  0.0025549
205 LEU  A  0.0013612
206 ALA  A  0.0210548
207 TRP  A  0.0309367
208 LEU  A  0.0253867
209 TYR  A  0.0441297
210 ALA  A  0.0259269
211 ALA  A  0.0064790
212 VAL  A  0.0002350
213 ILE  A  0.0042617
214 ASN  A  0.0385500
215 GLY  A  0.0082426
216 ASP  A  0.0021228
217 ARG  A  0.0057309
218 TRP  A  0.0017555
219 PHE  A  0.0125259
220 LEU  A  0.0125475
221 ASN  A  0.0105166
222 ARG  A  0.0000000
223 PHE  A  0.0038728
224 THR  A  0.0020633
225 THR  A  0.0035866
226 THR  A  0.0030896
227 LEU  A  0.0042563
228 ASN  A  0.0000054
229 ASP  A  0.0007886
230 PHE  A  0.0069624
231 ASN  A  0.0137791
232 LEU  A  0.0000594
233 VAL  A  0.0041429
234 ALA  A  0.0227211
235 MET  A  0.0000000
236 LYS  A  0.0005753
237 TYR  A  0.0139276
238 ASN  A  0.0146487
239 TYR  A  0.0494744
240 GLU  A  0.0157884
241 PRO  A  0.0129364
242 LEU  A  0.0085181
243 THR  A  0.0065087
244 GLN  A  0.0016582
245 ASP  A  0.0000000
246 HIS  A  0.0106408
247 VAL  A  0.0028466
248 ASP  A  0.0001566
249 ILE  A  0.0009831
250 LEU  A  0.0030194
251 GLY  A  0.0022794
252 PRO  A  0.0008480
253 LEU  A  0.0060010
254 SER  A  0.0165608
255 ALA  A  0.0018689
256 GLN  A  0.0018851
257 THR  A  0.0010317
258 GLY  A  0.0000000
259 ILE  A  0.0032787
260 ALA  A  0.0013180
261 VAL  A  0.0032976
262 LEU  A  0.0003727
263 ASP  A  0.0041645
264 MET  A  0.0214788
265 CYS  A  0.0110108
266 ALA  A  0.0044886
267 SER  A  0.0052232
268 LEU  A  0.0022092
269 LYS  A  0.0005726
270 GLU  A  0.0008318
271 LEU  A  0.0120047
272 LEU  A  0.0101628
273 GLN  A  0.0011289
274 ASN  A  0.0014800
275 GLY  A  0.0128203
276 MET  A  0.0184432
277 ASN  A  0.0000000
278 GLY  A  0.0000000
279 ARG  A  0.0058552
280 THR  A  0.0056661
281 ILE  A  0.0190509
282 LEU  A  0.0185998
283 GLY  A  0.0063548
284 SER  A  0.0136089
285 ALA  A  0.0373698
286 LEU  A  0.0355630
287 LEU  A  0.0363625
288 GLU  A  0.0564720
289 ASP  A  0.0522400
290 GLU  A  0.0243929
291 PHE  A  0.0407484
292 THR  A  0.0317388
293 PRO  A  0.0020687
294 PHE  A  0.0000000
295 ASP  A  0.0362598
296 VAL  A  0.0229831
297 VAL  A  0.0029060
298 ARG  A  0.0485697
299 GLN  A  0.0145758
300 CYS  A  0.0017339
301 SER  A  0.0039322
302 GLY  A  0.0097118
303 VAL  A  0.0105301
304 THR  A  0.0238716
305 PHE  A  0.0204039
1 SER  B  0.0176951
2 GLY  B  0.0810755
3 PHE  B  0.0611685
4 ARG  B  0.0125178
5 LYS  B  0.0041726
6 MET  B  0.0067653
7 ALA  B  0.0490666
8 PHE  B  0.0862636
9 PRO  B  0.0668779
10 SER  B  0.0375481
11 GLY  B  0.0112917
12 LYS  B  0.0009263
13 VAL  B  0.0066735
14 GLU  B  0.0801465
15 GLY  B  0.0478945
16 CYS  B  0.0495312
17 MET  B  0.0226887
18 VAL  B  0.0263077
19 GLN  B  0.0311231
20 VAL  B  0.0108083
21 THR  B  0.0070975
22 CYS  B  0.0061360
23 GLY  B  0.0004537
24 THR  B  0.0005401
25 THR  B  0.0033597
26 THR  B  0.0063305
27 LEU  B  0.0339318
28 ASN  B  0.0416829
29 GLY  B  0.0095470
30 LEU  B  0.0171982
31 TRP  B  0.0405378
32 LEU  B  0.0070354
33 ASP  B  0.0031544
34 ASP  B  0.0050990
35 VAL  B  0.0058768
36 VAL  B  0.0044157
37 TYR  B  0.0214653
38 CYS  B  0.0186079
39 PRO  B  0.0401354
40 ARG  B  0.0303047
41 HIS  B  0.0087719
42 VAL  B  0.0256568
43 ILE  B  0.0177032
44 CYS  B  0.0108029
45 THR  B  0.0093769
46 SER  B  0.0021174
47 GLU  B  0.0000000
48 ASP  B  0.0046263
49 MET  B  0.0036838
50 LEU  B  0.0000054
51 ASN  B  0.0025495
52 PRO  B  0.0073243
53 ASN  B  0.0092554
54 TYR  B  0.0288896
55 GLU  B  0.0000702
56 ASP  B  0.0069570
57 LEU  B  0.0039539
58 LEU  B  0.0006725
59 ILE  B  0.0000054
60 ARG  B  0.0029060
61 LYS  B  0.0070246
62 SER  B  0.0041429
63 ASN  B  0.0027817
64 HIS  B  0.0000000
65 ASN  B  0.0037162
66 PHE  B  0.0053852
67 LEU  B  0.0083938
68 VAL  B  0.0092905
69 GLN  B  0.0209414
70 ALA  B  0.0063845
71 GLY  B  0.0030788
72 ASN  B  0.0001350
73 VAL  B  0.0004591
74 GLN  B  0.0029762
75 LEU  B  0.0084370
76 ARG  B  0.0040295
77 VAL  B  0.0018311
78 ILE  B  0.0006212
79 GLY  B  0.0042023
80 HIS  B  0.0038512
81 SER  B  0.0059929
82 MET  B  0.0044130
83 GLN  B  0.0065222
84 ASN  B  0.0004375
85 CYS  B  0.0086126
86 VAL  B  0.0024036
87 LEU  B  0.0078375
88 LYS  B  0.0062468
89 LEU  B  0.0034164
90 LYS  B  0.0062927
91 VAL  B  0.0054879
92 ASP  B  0.0016961
93 THR  B  0.0103005
94 ALA  B  0.0007832
95 ASN  B  0.0126205
96 PRO  B  0.0000000
97 LYS  B  0.0000000
98 THR  B  0.0033705
99 PRO  B  0.0037675
100 LYS  B  0.0042725
101 TYR  B  0.0043211
102 LYS  B  0.0082993
103 PHE  B  0.0109190
104 VAL  B  0.0080481
105 ARG  B  0.0087017
106 ILE  B  0.0018419
107 GLN  B  0.0025684
108 PRO  B  0.0052259
109 GLY  B  0.0060469
110 GLN  B  0.0061333
111 THR  B  0.0135441
112 PHE  B  0.0222026
113 SER  B  0.0287059
114 VAL  B  0.0238581
115 LEU  B  0.0091122
116 ALA  B  0.0255569
117 CYS  B  0.0347582
118 TYR  B  0.0323033
119 ASN  B  0.0138979
120 GLY  B  0.0108029
121 SER  B  0.0133848
122 PRO  B  0.0037702
123 SER  B  0.0045588
124 GLY  B  0.0218029
125 VAL  B  0.0463416
126 TYR  B  0.0504089
127 GLN  B  0.0308179
128 CYS  B  0.0289301
129 ALA  B  0.0317415
130 MET  B  0.0255596
131 ARG  B  0.0238311
132 PRO  B  0.0006968
133 ASN  B  0.0343342
134 PHE  B  0.0159450
135 THR  B  0.0315147
136 ILE  B  0.0318550
137 LYS  B  0.0047587
138 GLY  B  0.0067194
139 SER  B  0.0910979
140 PHE  B  0.0930370
141 LEU  B  0.0146595
142 ASN  B  0.0000054
143 GLY  B  0.0004915
144 SER  B  0.0035703
145 CYS  B  0.0082804
146 GLY  B  0.0041564
147 SER  B  0.0054311
148 VAL  B  0.0060685
149 GLY  B  0.0388039
150 PHE  B  0.0458150
151 ASN  B  0.0461364
152 ILE  B  0.0527936
153 ASP  B  0.0102384
154 TYR  B  0.0028952
155 ASP  B  0.0023874
156 CYS  B  0.0088557
157 VAL  B  0.0025765
158 SER  B  0.0099440
159 PHE  B  0.0031598
160 CYS  B  0.0046830
161 TYR  B  0.0385095
162 MET  B  0.0336320
163 HIS  B  0.0586299
164 HIS  B  0.0342316
165 MET  B  0.0050800
166 GLU  B  0.0172873
167 LEU  B  0.0139195
168 PRO  B  0.0044697
169 THR  B  0.0000378
170 GLY  B  0.0020931
171 VAL  B  0.0085424
172 HIS  B  0.0351093
173 ALA  B  0.0062116
174 GLY  B  0.0090987
175 THR  B  0.0193533
176 ASP  B  0.0183622
177 LEU  B  0.0031598
178 GLU  B  0.0093418
179 GLY  B  0.0061711
180 ASN  B  0.0047668
181 PHE  B  0.0138871
182 TYR  B  0.0316524
183 GLY  B  0.0040160
184 PRO  B  0.0034218
185 PHE  B  0.0096929
186 VAL  B  0.0139546
187 ASP  B  0.0174007
188 ARG  B  0.0042104
189 GLN  B  0.0046020
190 THR  B  0.0048424
191 ALA  B  0.0069814
192 GLN  B  0.0199583
193 ALA  B  0.0170307
194 ALA  B  0.0185944
195 GLY  B  0.0209927
196 THR  B  0.0205606
197 ASP  B  0.0522670
198 THR  B  0.0493448
199 THR  B  0.0692680
200 ILE  B  0.0444592
201 THR  B  0.0126934
202 VAL  B  0.0233882
203 ASN  B  0.0560588
204 VAL  B  0.0025549
205 LEU  B  0.0013612
206 ALA  B  0.0210548
207 TRP  B  0.0309367
208 LEU  B  0.0253867
209 TYR  B  0.0441297
210 ALA  B  0.0259269
211 ALA  B  0.0064790
212 VAL  B  0.0002350
213 ILE  B  0.0042617
214 ASN  B  0.0385500
215 GLY  B  0.0082426
216 ASP  B  0.0021228
217 ARG  B  0.0057309
218 TRP  B  0.0017555
219 PHE  B  0.0125259
220 LEU  B  0.0125475
221 ASN  B  0.0105166
222 ARG  B  0.0000000
223 PHE  B  0.0038728
224 THR  B  0.0020633
225 THR  B  0.0035866
226 THR  B  0.0030896
227 LEU  B  0.0042563
228 ASN  B  0.0000054
229 ASP  B  0.0007886
230 PHE  B  0.0069624
231 ASN  B  0.0137791
232 LEU  B  0.0000594
233 VAL  B  0.0041429
234 ALA  B  0.0227211
235 MET  B  0.0000000
236 LYS  B  0.0005753
237 TYR  B  0.0139276
238 ASN  B  0.0146487
239 TYR  B  0.0494744
240 GLU  B  0.0157884
241 PRO  B  0.0129364
242 LEU  B  0.0085181
243 THR  B  0.0065087
244 GLN  B  0.0016582
245 ASP  B  0.0000000
246 HIS  B  0.0106408
247 VAL  B  0.0028466
248 ASP  B  0.0001566
249 ILE  B  0.0009831
250 LEU  B  0.0030194
251 GLY  B  0.0022794
252 PRO  B  0.0008480
253 LEU  B  0.0060010
254 SER  B  0.0165608
255 ALA  B  0.0018689
256 GLN  B  0.0018851
257 THR  B  0.0010317
258 GLY  B  0.0000000
259 ILE  B  0.0032787
260 ALA  B  0.0013180
261 VAL  B  0.0032976
262 LEU  B  0.0003727
263 ASP  B  0.0041645
264 MET  B  0.0214788
265 CYS  B  0.0110108
266 ALA  B  0.0044886
267 SER  B  0.0052232
268 LEU  B  0.0022092
269 LYS  B  0.0005726
270 GLU  B  0.0008318
271 LEU  B  0.0120047
272 LEU  B  0.0101628
273 GLN  B  0.0011289
274 ASN  B  0.0014800
275 GLY  B  0.0128203
276 MET  B  0.0184432
277 ASN  B  0.0000000
278 GLY  B  0.0000000
279 ARG  B  0.0058552
280 THR  B  0.0056661
281 ILE  B  0.0190509
282 LEU  B  0.0185998
283 GLY  B  0.0063548
284 SER  B  0.0136089
285 ALA  B  0.0373698
286 LEU  B  0.0355630
287 LEU  B  0.0363625
288 GLU  B  0.0564720
289 ASP  B  0.0522400
290 GLU  B  0.0243929
291 PHE  B  0.0407484
292 THR  B  0.0317388
293 PRO  B  0.0020687
294 PHE  B  0.0000000
295 ASP  B  0.0362598
296 VAL  B  0.0229831
297 VAL  B  0.0029060
298 ARG  B  0.0485697
299 GLN  B  0.0145758
300 CYS  B  0.0017339
301 SER  B  0.0039322
302 GLY  B  0.0097118
303 VAL  B  0.0105301
304 THR  B  0.0238716
305 PHE  B  0.0204039
