i resn ch  CB     
2  GLY  A  0.0810755
3  PHE  A  0.0611685
8  PHE  A  0.0862636
9  PRO  A  0.0668779
14  GLU  A  0.0801465
16  CYS  A  0.0495312
126  TYR  A  0.0504089
139  SER  A  0.0910979
140  PHE  A  0.0930370
152  ILE  A  0.0527936
163  HIS  A  0.0586299
197  ASP  A  0.0522670
199  THR  A  0.0692680
203  ASN  A  0.0560588
288  GLU  A  0.0564720
289  ASP  A  0.0522400
2  GLY  B  0.0810755
3  PHE  B  0.0611685
8  PHE  B  0.0862636
9  PRO  B  0.0668779
14  GLU  B  0.0801465
16  CYS  B  0.0495312
126  TYR  B  0.0504089
139  SER  B  0.0910979
140  PHE  B  0.0930370
152  ILE  B  0.0527936
163  HIS  B  0.0586299
197  ASP  B  0.0522670
199  THR  B  0.0692680
203  ASN  B  0.0560588
288  GLU  B  0.0564720
289  ASP  B  0.0522400
